[debug] [2025-09-06T19:14:51.938Z] ----------------------------------------------------------------------
[debug] [2025-09-06T19:14:51.940Z] Command:       /Users/caseydavies-bell/.nvm/versions/node/v20.13.1/bin/node /Users/caseydavies-bell/.nvm/versions/node/v20.13.1/bin/firebase deploy --only functions:updateAllStreaksCron --force
[debug] [2025-09-06T19:14:51.940Z] CLI Version:   14.9.0
[debug] [2025-09-06T19:14:51.940Z] Platform:      darwin
[debug] [2025-09-06T19:14:51.940Z] Node Version:  v20.13.1
[debug] [2025-09-06T19:14:51.940Z] Time:          Sat Sep 06 2025 15:14:51 GMT-0400 (Eastern Daylight Time)
[debug] [2025-09-06T19:14:51.940Z] ----------------------------------------------------------------------
[debug] 
[debug] [2025-09-06T19:14:52.044Z] > command requires scopes: ["email","openid","https://www.googleapis.com/auth/cloudplatformprojects.readonly","https://www.googleapis.com/auth/firebase","https://www.googleapis.com/auth/cloud-platform"]
[debug] [2025-09-06T19:14:52.044Z] > authorizing via signed-in user (casey.dbnz@gmail.com)
[debug] [2025-09-06T19:14:52.044Z] [iam] checking project locked-in-app-895c9 for permissions ["cloudfunctions.functions.create","cloudfunctions.functions.delete","cloudfunctions.functions.get","cloudfunctions.functions.list","cloudfunctions.functions.update","cloudfunctions.operations.get","firebase.projects.get"]
[debug] [2025-09-06T19:14:52.045Z] Checked if tokens are valid: true, expires at: 1757188694996
[debug] [2025-09-06T19:14:52.045Z] Checked if tokens are valid: true, expires at: 1757188694996
[debug] [2025-09-06T19:14:52.045Z] >>> [apiv2][query] POST https://cloudresourcemanager.googleapis.com/v1/projects/locked-in-app-895c9:testIamPermissions [none]
[debug] [2025-09-06T19:14:52.045Z] >>> [apiv2][(partial)header] POST https://cloudresourcemanager.googleapis.com/v1/projects/locked-in-app-895c9:testIamPermissions x-goog-quota-user=projects/locked-in-app-895c9
[debug] [2025-09-06T19:14:52.045Z] >>> [apiv2][body] POST https://cloudresourcemanager.googleapis.com/v1/projects/locked-in-app-895c9:testIamPermissions {"permissions":["cloudfunctions.functions.create","cloudfunctions.functions.delete","cloudfunctions.functions.get","cloudfunctions.functions.list","cloudfunctions.functions.update","cloudfunctions.operations.get","firebase.projects.get"]}
[debug] [2025-09-06T19:14:52.287Z] <<< [apiv2][status] POST https://cloudresourcemanager.googleapis.com/v1/projects/locked-in-app-895c9:testIamPermissions 200
[debug] [2025-09-06T19:14:52.288Z] <<< [apiv2][body] POST https://cloudresourcemanager.googleapis.com/v1/projects/locked-in-app-895c9:testIamPermissions {"permissions":["cloudfunctions.functions.create","cloudfunctions.functions.delete","cloudfunctions.functions.get","cloudfunctions.functions.list","cloudfunctions.functions.update","cloudfunctions.operations.get","firebase.projects.get"]}
[debug] [2025-09-06T19:14:52.288Z] Checked if tokens are valid: true, expires at: 1757188694996
[debug] [2025-09-06T19:14:52.288Z] Checked if tokens are valid: true, expires at: 1757188694996
[debug] [2025-09-06T19:14:52.288Z] >>> [apiv2][query] POST https://iam.googleapis.com/v1/projects/locked-in-app-895c9/serviceAccounts/locked-in-app-895c9@appspot.gserviceaccount.com:testIamPermissions [none]
[debug] [2025-09-06T19:14:52.288Z] >>> [apiv2][body] POST https://iam.googleapis.com/v1/projects/locked-in-app-895c9/serviceAccounts/locked-in-app-895c9@appspot.gserviceaccount.com:testIamPermissions {"permissions":["iam.serviceAccounts.actAs"]}
[debug] [2025-09-06T19:14:52.483Z] <<< [apiv2][status] POST https://iam.googleapis.com/v1/projects/locked-in-app-895c9/serviceAccounts/locked-in-app-895c9@appspot.gserviceaccount.com:testIamPermissions 200
[debug] [2025-09-06T19:14:52.483Z] <<< [apiv2][body] POST https://iam.googleapis.com/v1/projects/locked-in-app-895c9/serviceAccounts/locked-in-app-895c9@appspot.gserviceaccount.com:testIamPermissions {"permissions":["iam.serviceAccounts.actAs"]}
[info] 
[info] === Deploying to 'locked-in-app-895c9'...
[info] 
[info] i  deploying functions 
[debug] [2025-09-06T19:14:52.484Z] Checked if tokens are valid: true, expires at: 1757188694996
[debug] [2025-09-06T19:14:52.484Z] Checked if tokens are valid: true, expires at: 1757188694996
[debug] [2025-09-06T19:14:52.484Z] >>> [apiv2][query] GET https://cloudresourcemanager.googleapis.com/v1/projects/locked-in-app-895c9 [none]
[debug] [2025-09-06T19:14:52.622Z] <<< [apiv2][status] GET https://cloudresourcemanager.googleapis.com/v1/projects/locked-in-app-895c9 200
[debug] [2025-09-06T19:14:52.622Z] <<< [apiv2][body] GET https://cloudresourcemanager.googleapis.com/v1/projects/locked-in-app-895c9 {"projectNumber":"1004021659302","projectId":"locked-in-app-895c9","lifecycleState":"ACTIVE","name":"Superfocus","labels":{"firebase":"enabled","firebase-core":"disabled"},"createTime":"2025-07-01T01:37:12.416531Z"}
[info] i  functions: preparing codebase default for deployment 
[info] i  functions: ensuring required API cloudfunctions.googleapis.com is enabled... 
[info] i  functions: ensuring required API cloudbuild.googleapis.com is enabled... 
[info] i  artifactregistry: ensuring required API artifactregistry.googleapis.com is enabled... 
[debug] [2025-09-06T19:14:52.623Z] Checked if tokens are valid: true, expires at: 1757188694996
[debug] [2025-09-06T19:14:52.623Z] Checked if tokens are valid: true, expires at: 1757188694996
[debug] [2025-09-06T19:14:52.623Z] >>> [apiv2][query] GET https://firebase.googleapis.com/v1beta1/projects/locked-in-app-895c9/adminSdkConfig [none]
[debug] [2025-09-06T19:14:53.060Z] <<< [apiv2][status] GET https://firebase.googleapis.com/v1beta1/projects/locked-in-app-895c9/adminSdkConfig 200
[debug] [2025-09-06T19:14:53.060Z] <<< [apiv2][body] GET https://firebase.googleapis.com/v1beta1/projects/locked-in-app-895c9/adminSdkConfig {"projectId":"locked-in-app-895c9","databaseURL":"https://locked-in-app-895c9-default-rtdb.firebaseio.com","storageBucket":"locked-in-app-895c9.firebasestorage.app"}
[debug] [2025-09-06T19:14:53.060Z] Checked if tokens are valid: true, expires at: 1757188694996
[debug] [2025-09-06T19:14:53.061Z] Checked if tokens are valid: true, expires at: 1757188694996
[debug] [2025-09-06T19:14:53.061Z] >>> [apiv2][query] GET https://runtimeconfig.googleapis.com/v1beta1/projects/locked-in-app-895c9/configs [none]
[debug] [2025-09-06T19:14:53.282Z] <<< [apiv2][status] GET https://runtimeconfig.googleapis.com/v1beta1/projects/locked-in-app-895c9/configs 200
[debug] [2025-09-06T19:14:53.282Z] <<< [apiv2][body] GET https://runtimeconfig.googleapis.com/v1beta1/projects/locked-in-app-895c9/configs {"configs":[{"name":"projects/locked-in-app-895c9/configs/database"}]}
[debug] [2025-09-06T19:14:53.282Z] Checked if tokens are valid: true, expires at: 1757188694996
[debug] [2025-09-06T19:14:53.283Z] Checked if tokens are valid: true, expires at: 1757188694996
[debug] [2025-09-06T19:14:53.283Z] >>> [apiv2][query] GET https://runtimeconfig.googleapis.com/v1beta1/projects/locked-in-app-895c9/configs/database/variables [none]
[debug] [2025-09-06T19:14:53.445Z] <<< [apiv2][status] GET https://runtimeconfig.googleapis.com/v1beta1/projects/locked-in-app-895c9/configs/database/variables 200
[debug] [2025-09-06T19:14:53.445Z] <<< [apiv2][body] GET https://runtimeconfig.googleapis.com/v1beta1/projects/locked-in-app-895c9/configs/database/variables {"variables":[{"name":"projects/locked-in-app-895c9/configs/database/variables/url","updateTime":"2025-09-06T18:58:17.451049328Z"}]}
[debug] [2025-09-06T19:14:53.445Z] Checked if tokens are valid: true, expires at: 1757188694996
[debug] [2025-09-06T19:14:53.445Z] Checked if tokens are valid: true, expires at: 1757188694996
[debug] [2025-09-06T19:14:53.445Z] >>> [apiv2][query] GET https://runtimeconfig.googleapis.com/v1beta1/projects/locked-in-app-895c9/configs/database/variables/url [none]
[debug] [2025-09-06T19:14:53.562Z] <<< [apiv2][status] GET https://runtimeconfig.googleapis.com/v1beta1/projects/locked-in-app-895c9/configs/database/variables/url 200
[debug] [2025-09-06T19:14:53.562Z] <<< [apiv2][body] GET https://runtimeconfig.googleapis.com/v1beta1/projects/locked-in-app-895c9/configs/database/variables/url {"name":"projects/locked-in-app-895c9/configs/database/variables/url","updateTime":"2025-09-06T18:58:17.451049328Z","text":"postgres://locked_in:SpaceX1337!@locked-in-db.chu8k2aseeyl.us-east-2.rds.amazonaws.com:5432/postgres"}
[debug] [2025-09-06T19:14:53.565Z] Validating nodejs source
[warn] ⚠  functions: Runtime Node.js 18 was deprecated on 2025-04-30 and will be decommissioned on 2025-10-30, after which you will not be able to deploy without upgrading. Consider upgrading now to avoid disruption. See https://cloud.google.com/functions/docs/runtime-support for full details on the lifecycle policy 
[warn] ⚠  functions: package.json indicates an outdated version of firebase-functions. Please upgrade using npm install --save firebase-functions@latest in your functions directory. 
[warn] ⚠  functions: Please note that there will be breaking changes when you upgrade. 
[debug] [2025-09-06T19:14:54.174Z] > [functions] package.json contents: {
  "name": "functions",
  "scripts": {
    "build": "tsc",
    "build:watch": "tsc --watch",
    "serve": "npm run build && firebase emulators:start --only functions",
    "shell": "npm run build && firebase functions:shell",
    "start": "npm run shell",
    "deploy": "firebase deploy --only functions",
    "logs": "firebase functions:log"
  },
  "engines": {
    "node": "18"
  },
  "main": "lib/index.js",
  "dependencies": {
    "@google-cloud/functions-framework": "^4.0.0",
    "firebase-admin": "^12.0.0",
    "firebase-functions": "^3.23.0",
    "pg": "^8.11.3"
  },
  "devDependencies": {
    "@typescript-eslint/eslint-plugin": "^5.12.0",
    "@typescript-eslint/parser": "^5.12.0",
    "eslint": "^8.9.0",
    "eslint-config-google": "^0.14.0",
    "eslint-plugin-import": "^2.25.4",
    "firebase-functions-test": "^3.1.0",
    "typescript": "^5.7.3"
  },
  "private": true
}
[debug] [2025-09-06T19:14:54.174Z] Building nodejs source
[info] i  functions: Loading and analyzing source code for codebase default to determine what to deploy 
[info] i  functions: You are using a version of firebase-functions SDK (3.24.1) that does not have support for the newest Firebase Extensions features. Please update firebase-functions SDK to >=5.1.0 to use them correctly 
[debug] [2025-09-06T19:14:54.174Z] Could not find functions.yaml. Must use http discovery
[debug] [2025-09-06T19:14:54.183Z] Found firebase-functions binary at '/Users/caseydavies-bell/Desktop/superfocus/functions/node_modules/.bin/firebase-functions'
[info] Serving at port 8162

[debug] [2025-09-06T19:14:54.390Z] Got response from /__/functions.yaml {"endpoints":{"syncTabCountOnPresenceChange":{"platform":"gcfv1","eventTrigger":{"eventType":"providers/google.firebase.database/eventTypes/ref.write","eventFilters":{"resource":"projects/_/instances/locked-in-app-895c9-default-rtdb/refs/Presence/{userId}/sessions/{sessionId}"},"retry":false},"labels":{},"entryPoint":"syncTabCountOnPresenceChange"},"cleanUpStaleTabCounts":{"platform":"gcfv1","scheduleTrigger":{"schedule":"every 5 minutes"},"labels":{},"entryPoint":"cleanUpStaleTabCounts"},"updateAllStreaksCron":{"platform":"gcfv1","scheduleTrigger":{"schedule":"every 1 minutes","timeZone":"UTC"},"labels":{},"entryPoint":"updateAllStreaksCron"},"cleanUpEmptyPublicRooms":{"platform":"gcfv1","eventTrigger":{"eventType":"providers/google.firebase.database/eventTypes/ref.delete","eventFilters":{"resource":"projects/_/instances/locked-in-app-895c9-default-rtdb/refs/instances/{instanceId}/users"},"retry":false},"labels":{},"entryPoint":"cleanUpEmptyPublicRooms"},"cleanUpStalePrivateRoomUsers":{"platform":"gcfv1","scheduleTrigger":{"schedule":"every 1 minutes"},"labels":{},"entryPoint":"cleanUpStalePrivateRoomUsers"},"cleanUpStalePresenceSessions":{"platform":"gcfv1","scheduleTrigger":{"schedule":"every 1 minutes"},"labels":{},"entryPoint":"cleanUpStalePresenceSessions"}},"specVersion":"v1alpha1","requiredAPIs":[{"api":"cloudscheduler.googleapis.com","reason":"Needed for scheduled functions."}]}
[info] shutdown requested via /__/quitquitquit

[info] i  functions: preparing functions directory for uploading... 
[info] i  functions: packaged /Users/caseydavies-bell/Desktop/superfocus/functions (158.82 KB) for uploading 
[debug] [2025-09-06T19:14:59.435Z] Checked if tokens are valid: true, expires at: 1757188694996
[debug] [2025-09-06T19:14:59.435Z] Checked if tokens are valid: true, expires at: 1757188694996
[debug] [2025-09-06T19:14:59.435Z] >>> [apiv2][query] GET https://cloudfunctions.googleapis.com/v1/projects/locked-in-app-895c9/locations/-/functions [none]
[debug] [2025-09-06T19:15:00.023Z] <<< [apiv2][status] GET https://cloudfunctions.googleapis.com/v1/projects/locked-in-app-895c9/locations/-/functions 200
[debug] [2025-09-06T19:15:00.023Z] <<< [apiv2][body] GET https://cloudfunctions.googleapis.com/v1/projects/locked-in-app-895c9/locations/-/functions {"functions":[{"name":"projects/locked-in-app-895c9/locations/us-central1/functions/cleanUpStalePresenceSessions","eventTrigger":{"eventType":"google.pubsub.topic.publish","resource":"projects/locked-in-app-895c9/topics/firebase-schedule-cleanUpStalePresenceSessions-us-central1","service":"pubsub.googleapis.com","failurePolicy":{}},"status":"ACTIVE","entryPoint":"cleanUpStalePresenceSessions","timeout":"60s","availableMemoryMb":256,"serviceAccountEmail":"locked-in-app-895c9@appspot.gserviceaccount.com","updateTime":"2025-08-05T04:26:49.092Z","versionId":"8","labels":{"deployment-tool":"cli-firebase","deployment-scheduled":"true","firebase-functions-hash":"4acc5480bbca77791fa6cb60b13b00db362a5770"},"sourceUploadUrl":"https://storage.googleapis.com/uploads-777928467196.us-central1.cloudfunctions.appspot.com/59ff047d-10eb-4554-8b8b-e35b1cbb23e0.zip","environmentVariables":{"FIREBASE_CONFIG":"{\"projectId\":\"locked-in-app-895c9\",\"databaseURL\":\"https://locked-in-app-895c9-default-rtdb.firebaseio.com\",\"storageBucket\":\"locked-in-app-895c9.firebasestorage.app\"}","GCLOUD_PROJECT":"locked-in-app-895c9","EVENTARC_CLOUD_EVENT_SOURCE":"projects/locked-in-app-895c9/locations/us-central1/functions/cleanUpStalePresenceSessions"},"runtime":"nodejs18","maxInstances":3000,"ingressSettings":"ALLOW_ALL","buildId":"320b7c34-b004-4ade-9f0b-8d71f573348d","buildEnvironmentVariables":{"GOOGLE_NODE_RUN_SCRIPTS":""},"buildName":"projects/1004021659302/locations/us-central1/builds/320b7c34-b004-4ade-9f0b-8d71f573348d","dockerRegistry":"ARTIFACT_REGISTRY","automaticUpdatePolicy":{},"buildServiceAccount":"projects/locked-in-app-895c9/serviceAccounts/1004021659302-compute@developer.gserviceaccount.com","satisfiesPzi":true},{"name":"projects/locked-in-app-895c9/locations/us-central1/functions/updateEphemeralRoomUserCount","eventTrigger":{"eventType":"providers/google.firebase.database/eventTypes/ref.write","resource":"projects/_/instances/locked-in-app-895c9-default-rtdb/refs/EphemeralRooms/{roomId}/users/{userId}","service":"firebaseio.com","failurePolicy":{}},"status":"ACTIVE","entryPoint":"updateEphemeralRoomUserCount","timeout":"60s","availableMemoryMb":256,"serviceAccountEmail":"locked-in-app-895c9@appspot.gserviceaccount.com","updateTime":"2025-08-05T04:24:53.524Z","versionId":"2","labels":{"firebase-functions-hash":"4acc5480bbca77791fa6cb60b13b00db362a5770","deployment-tool":"cli-firebase"},"sourceUploadUrl":"https://storage.googleapis.com/uploads-777928467196.us-central1.cloudfunctions.appspot.com/b39e8f08-b42c-47f0-97f3-83af6afbf7ca.zip","environmentVariables":{"FIREBASE_CONFIG":"{\"projectId\":\"locked-in-app-895c9\",\"databaseURL\":\"https://locked-in-app-895c9-default-rtdb.firebaseio.com\",\"storageBucket\":\"locked-in-app-895c9.firebasestorage.app\"}","GCLOUD_PROJECT":"locked-in-app-895c9","EVENTARC_CLOUD_EVENT_SOURCE":"projects/locked-in-app-895c9/locations/us-central1/functions/updateEphemeralRoomUserCount"},"runtime":"nodejs18","maxInstances":3000,"ingressSettings":"ALLOW_ALL","buildId":"c1a5b158-aa78-42b1-a49b-816fb31adec8","buildEnvironmentVariables":{"GOOGLE_NODE_RUN_SCRIPTS":""},"buildName":"projects/1004021659302/locations/us-central1/builds/c1a5b158-aa78-42b1-a49b-816fb31adec8","dockerRegistry":"ARTIFACT_REGISTRY","automaticUpdatePolicy":{},"buildServiceAccount":"projects/locked-in-app-895c9/serviceAccounts/1004021659302-compute@developer.gserviceaccount.com","satisfiesPzi":true},{"name":"projects/locked-in-app-895c9/locations/us-central1/functions/cleanUpEmptyPublicRooms","eventTrigger":{"eventType":"providers/google.firebase.database/eventTypes/ref.delete","resource":"projects/_/instances/locked-in-app-895c9-default-rtdb/refs/instances/{instanceId}/users","service":"firebaseio.com","failurePolicy":{}},"status":"ACTIVE","entryPoint":"cleanUpEmptyPublicRooms","timeout":"60s","availableMemoryMb":256,"serviceAccountEmail":"locked-in-app-895c9@appspot.gserviceaccount.com","updateTime":"2025-08-05T04:24:48.901Z","versionId":"14","labels":{"deployment-tool":"cli-firebase","firebase-functions-hash":"4acc5480bbca77791fa6cb60b13b00db362a5770"},"sourceUploadUrl":"https://storage.googleapis.com/uploads-777928467196.us-central1.cloudfunctions.appspot.com/b39e8f08-b42c-47f0-97f3-83af6afbf7ca.zip","environmentVariables":{"FIREBASE_CONFIG":"{\"projectId\":\"locked-in-app-895c9\",\"databaseURL\":\"https://locked-in-app-895c9-default-rtdb.firebaseio.com\",\"storageBucket\":\"locked-in-app-895c9.firebasestorage.app\"}","GCLOUD_PROJECT":"locked-in-app-895c9","EVENTARC_CLOUD_EVENT_SOURCE":"projects/locked-in-app-895c9/locations/us-central1/functions/cleanUpEmptyPublicRooms"},"runtime":"nodejs18","maxInstances":3000,"ingressSettings":"ALLOW_ALL","buildId":"c1a5b158-aa78-42b1-a49b-816fb31adec8","buildEnvironmentVariables":{"GOOGLE_NODE_RUN_SCRIPTS":""},"buildName":"projects/1004021659302/locations/us-central1/builds/c1a5b158-aa78-42b1-a49b-816fb31adec8","dockerRegistry":"ARTIFACT_REGISTRY","automaticUpdatePolicy":{},"buildServiceAccount":"projects/locked-in-app-895c9/serviceAccounts/1004021659302-compute@developer.gserviceaccount.com","satisfiesPzi":true},{"name":"projects/locked-in-app-895c9/locations/us-central1/functions/cleanUpStalePrivateRoomUsers","eventTrigger":{"eventType":"google.pubsub.topic.publish","resource":"projects/locked-in-app-895c9/topics/firebase-schedule-cleanUpStalePrivateRoomUsers-us-central1","service":"pubsub.googleapis.com","failurePolicy":{}},"status":"ACTIVE","entryPoint":"cleanUpStalePrivateRoomUsers","timeout":"60s","availableMemoryMb":256,"serviceAccountEmail":"locked-in-app-895c9@appspot.gserviceaccount.com","updateTime":"2025-08-05T04:24:53.469Z","versionId":"4","labels":{"deployment-tool":"cli-firebase","deployment-scheduled":"true","firebase-functions-hash":"4acc5480bbca77791fa6cb60b13b00db362a5770"},"sourceUploadUrl":"https://storage.googleapis.com/uploads-777928467196.us-central1.cloudfunctions.appspot.com/b39e8f08-b42c-47f0-97f3-83af6afbf7ca.zip","environmentVariables":{"FIREBASE_CONFIG":"{\"projectId\":\"locked-in-app-895c9\",\"databaseURL\":\"https://locked-in-app-895c9-default-rtdb.firebaseio.com\",\"storageBucket\":\"locked-in-app-895c9.firebasestorage.app\"}","GCLOUD_PROJECT":"locked-in-app-895c9","EVENTARC_CLOUD_EVENT_SOURCE":"projects/locked-in-app-895c9/locations/us-central1/functions/cleanUpStalePrivateRoomUsers"},"runtime":"nodejs18","maxInstances":3000,"ingressSettings":"ALLOW_ALL","buildId":"c1a5b158-aa78-42b1-a49b-816fb31adec8","buildEnvironmentVariables":{"GOOGLE_NODE_RUN_SCRIPTS":""},"buildName":"projects/1004021659302/locations/us-central1/builds/c1a5b158-aa78-42b1-a49b-816fb31adec8","dockerRegistry":"ARTIFACT_REGISTRY","automaticUpdatePolicy":{},"buildServiceAccount":"projects/locked-in-app-895c9/serviceAccounts/1004021659302-compute@developer.gserviceaccount.com","satisfiesPzi":true},{"name":"projects/locked-in-app-895c9/locations/us-central1/functions/cleanUpEmptyEphemeralRoomsScheduled","eventTrigger":{"eventType":"google.pubsub.topic.publish","resource":"projects/locked-in-app-895c9/topics/firebase-schedule-cleanUpEmptyEphemeralRoomsScheduled-us-central1","service":"pubsub.googleapis.com","failurePolicy":{}},"status":"ACTIVE","entryPoint":"cleanUpEmptyEphemeralRoomsScheduled","timeout":"60s","availableMemoryMb":256,"serviceAccountEmail":"locked-in-app-895c9@appspot.gserviceaccount.com","updateTime":"2025-08-05T04:24:53.478Z","versionId":"2","labels":{"deployment-tool":"cli-firebase","deployment-scheduled":"true","firebase-functions-hash":"4acc5480bbca77791fa6cb60b13b00db362a5770"},"sourceUploadUrl":"https://storage.googleapis.com/uploads-777928467196.us-central1.cloudfunctions.appspot.com/b39e8f08-b42c-47f0-97f3-83af6afbf7ca.zip","environmentVariables":{"FIREBASE_CONFIG":"{\"projectId\":\"locked-in-app-895c9\",\"databaseURL\":\"https://locked-in-app-895c9-default-rtdb.firebaseio.com\",\"storageBucket\":\"locked-in-app-895c9.firebasestorage.app\"}","GCLOUD_PROJECT":"locked-in-app-895c9","EVENTARC_CLOUD_EVENT_SOURCE":"projects/locked-in-app-895c9/locations/us-central1/functions/cleanUpEmptyEphemeralRoomsScheduled"},"runtime":"nodejs18","maxInstances":3000,"ingressSettings":"ALLOW_ALL","buildId":"c1a5b158-aa78-42b1-a49b-816fb31adec8","buildEnvironmentVariables":{"GOOGLE_NODE_RUN_SCRIPTS":""},"buildName":"projects/1004021659302/locations/us-central1/builds/c1a5b158-aa78-42b1-a49b-816fb31adec8","dockerRegistry":"ARTIFACT_REGISTRY","automaticUpdatePolicy":{},"buildServiceAccount":"projects/locked-in-app-895c9/serviceAccounts/1004021659302-compute@developer.gserviceaccount.com","satisfiesPzi":true},{"name":"projects/locked-in-app-895c9/locations/us-central1/functions/updateAllStreaksCron","eventTrigger":{"eventType":"google.pubsub.topic.publish","resource":"projects/locked-in-app-895c9/topics/firebase-schedule-updateAllStreaksCron-us-central1","service":"pubsub.googleapis.com","failurePolicy":{}},"status":"ACTIVE","entryPoint":"updateAllStreaksCron","timeout":"60s","availableMemoryMb":256,"serviceAccountEmail":"locked-in-app-895c9@appspot.gserviceaccount.com","updateTime":"2025-09-06T19:12:33.547Z","versionId":"2","labels":{"deployment-tool":"cli-firebase","deployment-scheduled":"true","firebase-functions-hash":"5ebfa4faf14b3b2550cef73d4f3559a63b80b162"},"sourceUploadUrl":"https://storage.googleapis.com/uploads-777928467196.us-central1.cloudfunctions.appspot.com/613de2cb-7229-4619-801d-907cd27dc47e.zip","environmentVariables":{"FIREBASE_CONFIG":"{\"projectId\":\"locked-in-app-895c9\",\"databaseURL\":\"https://locked-in-app-895c9-default-rtdb.firebaseio.com\",\"storageBucket\":\"locked-in-app-895c9.firebasestorage.app\"}","GCLOUD_PROJECT":"locked-in-app-895c9","EVENTARC_CLOUD_EVENT_SOURCE":"projects/locked-in-app-895c9/locations/us-central1/functions/updateAllStreaksCron"},"runtime":"nodejs18","maxInstances":3000,"ingressSettings":"ALLOW_ALL","buildId":"a0da6de4-a25c-4e57-b219-ceee67eefff9","buildEnvironmentVariables":{"GOOGLE_NODE_RUN_SCRIPTS":""},"buildName":"projects/1004021659302/locations/us-central1/builds/a0da6de4-a25c-4e57-b219-ceee67eefff9","dockerRegistry":"ARTIFACT_REGISTRY","automaticUpdatePolicy":{},"buildServiceAccount":"projects/locked-in-app-895c9/serviceAccounts/1004021659302-compute@developer.gserviceaccount.com","satisfiesPzi":true},{"name":"projects/locked-in-app-895c9/locations/us-central1/functions/cleanUpEmptyEphemeralRooms","eventTrigger":{"eventType":"providers/google.firebase.database/eventTypes/ref.delete","resource":"projects/_/instances/locked-in-app-895c9-default-rtdb/refs/EphemeralRooms/{roomId}/users","service":"firebaseio.com","failurePolicy":{}},"status":"ACTIVE","entryPoint":"cleanUpEmptyEphemeralRooms","timeout":"60s","availableMemoryMb":256,"serviceAccountEmail":"locked-in-app-895c9@appspot.gserviceaccount.com","updateTime":"2025-08-05T04:24:54.789Z","versionId":"2","labels":{"deployment-tool":"cli-firebase","firebase-functions-hash":"4acc5480bbca77791fa6cb60b13b00db362a5770"},"sourceUploadUrl":"https://storage.googleapis.com/uploads-777928467196.us-central1.cloudfunctions.appspot.com/b39e8f08-b42c-47f0-97f3-83af6afbf7ca.zip","environmentVariables":{"FIREBASE_CONFIG":"{\"projectId\":\"locked-in-app-895c9\",\"databaseURL\":\"https://locked-in-app-895c9-default-rtdb.firebaseio.com\",\"storageBucket\":\"locked-in-app-895c9.firebasestorage.app\"}","GCLOUD_PROJECT":"locked-in-app-895c9","EVENTARC_CLOUD_EVENT_SOURCE":"projects/locked-in-app-895c9/locations/us-central1/functions/cleanUpEmptyEphemeralRooms"},"runtime":"nodejs18","maxInstances":3000,"ingressSettings":"ALLOW_ALL","buildId":"c1a5b158-aa78-42b1-a49b-816fb31adec8","buildEnvironmentVariables":{"GOOGLE_NODE_RUN_SCRIPTS":""},"buildName":"projects/1004021659302/locations/us-central1/builds/c1a5b158-aa78-42b1-a49b-816fb31adec8","dockerRegistry":"ARTIFACT_REGISTRY","automaticUpdatePolicy":{},"buildServiceAccount":"projects/locked-in-app-895c9/serviceAccounts/1004021659302-compute@developer.gserviceaccount.com","satisfiesPzi":true}]}
[debug] [2025-09-06T19:15:00.023Z] Checked if tokens are valid: true, expires at: 1757188694996
[debug] [2025-09-06T19:15:00.023Z] Checked if tokens are valid: true, expires at: 1757188694996
[debug] [2025-09-06T19:15:00.023Z] >>> [apiv2][query] GET https://cloudfunctions.googleapis.com/v2/projects/locked-in-app-895c9/locations/-/functions filter=environment%3D%22GEN_2%22
[debug] [2025-09-06T19:15:00.450Z] <<< [apiv2][status] GET https://cloudfunctions.googleapis.com/v2/projects/locked-in-app-895c9/locations/-/functions 200
[debug] [2025-09-06T19:15:00.450Z] <<< [apiv2][body] GET https://cloudfunctions.googleapis.com/v2/projects/locked-in-app-895c9/locations/-/functions {}
[info] i  functions: ensuring required API cloudscheduler.googleapis.com is enabled... 
[debug] [2025-09-06T19:15:00.452Z] Checked if tokens are valid: true, expires at: 1757188694996
[debug] [2025-09-06T19:15:00.452Z] Checked if tokens are valid: true, expires at: 1757188694996
[debug] [2025-09-06T19:15:00.452Z] >>> [apiv2][query] GET https://cloudresourcemanager.googleapis.com/v1/projects/locked-in-app-895c9 [none]
[debug] [2025-09-06T19:15:00.760Z] <<< [apiv2][status] GET https://cloudresourcemanager.googleapis.com/v1/projects/locked-in-app-895c9 200
[debug] [2025-09-06T19:15:00.761Z] <<< [apiv2][body] GET https://cloudresourcemanager.googleapis.com/v1/projects/locked-in-app-895c9 {"projectNumber":"1004021659302","projectId":"locked-in-app-895c9","lifecycleState":"ACTIVE","name":"Superfocus","labels":{"firebase":"enabled","firebase-core":"disabled"},"createTime":"2025-07-01T01:37:12.416531Z"}
[debug] [2025-09-06T19:15:00.761Z] Checked if tokens are valid: true, expires at: 1757188694996
[debug] [2025-09-06T19:15:00.761Z] Checked if tokens are valid: true, expires at: 1757188694996
[debug] [2025-09-06T19:15:00.761Z] >>> [apiv2][query] POST https://cloudfunctions.googleapis.com/v1/projects/locked-in-app-895c9/locations/us-central1/functions:generateUploadUrl [none]
[debug] [2025-09-06T19:15:00.761Z] >>> [apiv2][body] POST https://cloudfunctions.googleapis.com/v1/projects/locked-in-app-895c9/locations/us-central1/functions:generateUploadUrl {}
[debug] [2025-09-06T19:15:01.477Z] <<< [apiv2][status] POST https://cloudfunctions.googleapis.com/v1/projects/locked-in-app-895c9/locations/us-central1/functions:generateUploadUrl 200
[debug] [2025-09-06T19:15:01.477Z] <<< [apiv2][body] POST https://cloudfunctions.googleapis.com/v1/projects/locked-in-app-895c9/locations/us-central1/functions:generateUploadUrl {"uploadUrl":"https://storage.googleapis.com/uploads-777928467196.us-central1.cloudfunctions.appspot.com/75ea6f73-4785-47b7-a1dc-f55529c55b34.zip?GoogleAccessId=service-1004021659302@gcf-admin-robot.iam.gserviceaccount.com&Expires=1757187901&Signature=UNv1lPgcyyCqazXUGaizBBGpNr64G7A7S9eoq4QfD7VbjQfdrdeCnotHPAWQaIOVQT5ykO6EOOcQEFkkTutwMx1nDUYOFHrFhAl3k1GCeBAqzPT7ZalBmqz81Ba67NcTV2A8fd%2F6ISpS7or2qb2n9mJm8KIUPxN9CeOQyQn%2BCdOCZsvZyGpC4Da6G2lAYNAaY7kO%2BcwXqiXavIhpF3zTcaO%2BbY7fddwvquA%2BmlEXuikyO8ul64zBGdkbWgud%2FJcvFymg%2B4N5MMvvXnW4osEmlu34vhKvLsJhJ%2FGDDjpw12tTG6JoKBAKMHnkRdOBFl12Y8E831bTaKio15htuueTEA%3D%3D"}
[debug] [2025-09-06T19:15:01.478Z] >>> [apiv2][query] PUT https://storage.googleapis.com/uploads-777928467196.us-central1.cloudfunctions.appspot.com/75ea6f73-4785-47b7-a1dc-f55529c55b34.zip GoogleAccessId=service-1004021659302%40gcf-admin-robot.iam.gserviceaccount.com&Expires=1757187901&Signature=UNv1lPgcyyCqazXUGaizBBGpNr64G7A7S9eoq4QfD7VbjQfdrdeCnotHPAWQaIOVQT5ykO6EOOcQEFkkTutwMx1nDUYOFHrFhAl3k1GCeBAqzPT7ZalBmqz81Ba67NcTV2A8fd%2F6ISpS7or2qb2n9mJm8KIUPxN9CeOQyQn%2BCdOCZsvZyGpC4Da6G2lAYNAaY7kO%2BcwXqiXavIhpF3zTcaO%2BbY7fddwvquA%2BmlEXuikyO8ul64zBGdkbWgud%2FJcvFymg%2B4N5MMvvXnW4osEmlu34vhKvLsJhJ%2FGDDjpw12tTG6JoKBAKMHnkRdOBFl12Y8E831bTaKio15htuueTEA%3D%3D
[debug] [2025-09-06T19:15:01.478Z] >>> [apiv2][body] PUT https://storage.googleapis.com/uploads-777928467196.us-central1.cloudfunctions.appspot.com/75ea6f73-4785-47b7-a1dc-f55529c55b34.zip [stream]
[debug] [2025-09-06T19:15:01.855Z] <<< [apiv2][status] PUT https://storage.googleapis.com/uploads-777928467196.us-central1.cloudfunctions.appspot.com/75ea6f73-4785-47b7-a1dc-f55529c55b34.zip 200
[debug] [2025-09-06T19:15:01.855Z] <<< [apiv2][body] PUT https://storage.googleapis.com/uploads-777928467196.us-central1.cloudfunctions.appspot.com/75ea6f73-4785-47b7-a1dc-f55529c55b34.zip [omitted]
[info] ✔  functions: functions folder uploaded successfully 
[info] i  functions: updating Node.js 18 (1st Gen) function updateAllStreaksCron(us-central1)... 
[debug] [2025-09-06T19:15:01.857Z] Checked if tokens are valid: true, expires at: 1757188694996
[debug] [2025-09-06T19:15:01.857Z] Checked if tokens are valid: true, expires at: 1757188694996
[debug] [2025-09-06T19:15:01.857Z] >>> [apiv2][query] PATCH https://cloudfunctions.googleapis.com/v1/projects/locked-in-app-895c9/locations/us-central1/functions/updateAllStreaksCron updateMask=name%2CsourceUploadUrl%2CentryPoint%2Cruntime%2CdockerRegistry%2Clabels%2CeventTrigger.eventType%2CeventTrigger.resource%2CenvironmentVariables%2CavailableMemoryMb%2CsourceToken%2CbuildEnvironmentVariables
[debug] [2025-09-06T19:15:01.857Z] >>> [apiv2][body] PATCH https://cloudfunctions.googleapis.com/v1/projects/locked-in-app-895c9/locations/us-central1/functions/updateAllStreaksCron {"name":"projects/locked-in-app-895c9/locations/us-central1/functions/updateAllStreaksCron","sourceUploadUrl":"https://storage.googleapis.com/uploads-777928467196.us-central1.cloudfunctions.appspot.com/75ea6f73-4785-47b7-a1dc-f55529c55b34.zip?GoogleAccessId=service-1004021659302@gcf-admin-robot.iam.gserviceaccount.com&Expires=1757187901&Signature=UNv1lPgcyyCqazXUGaizBBGpNr64G7A7S9eoq4QfD7VbjQfdrdeCnotHPAWQaIOVQT5ykO6EOOcQEFkkTutwMx1nDUYOFHrFhAl3k1GCeBAqzPT7ZalBmqz81Ba67NcTV2A8fd%2F6ISpS7or2qb2n9mJm8KIUPxN9CeOQyQn%2BCdOCZsvZyGpC4Da6G2lAYNAaY7kO%2BcwXqiXavIhpF3zTcaO%2BbY7fddwvquA%2BmlEXuikyO8ul64zBGdkbWgud%2FJcvFymg%2B4N5MMvvXnW4osEmlu34vhKvLsJhJ%2FGDDjpw12tTG6JoKBAKMHnkRdOBFl12Y8E831bTaKio15htuueTEA%3D%3D","entryPoint":"updateAllStreaksCron","runtime":"nodejs18","dockerRegistry":"ARTIFACT_REGISTRY","labels":{"deployment-tool":"cli-firebase","deployment-scheduled":"true","firebase-functions-hash":"5ebfa4faf14b3b2550cef73d4f3559a63b80b162"},"eventTrigger":{"eventType":"google.pubsub.topic.publish","resource":"projects/locked-in-app-895c9/topics/firebase-schedule-updateAllStreaksCron-us-central1"},"environmentVariables":{"FIREBASE_CONFIG":"{\"projectId\":\"locked-in-app-895c9\",\"databaseURL\":\"https://locked-in-app-895c9-default-rtdb.firebaseio.com\",\"storageBucket\":\"locked-in-app-895c9.firebasestorage.app\"}","GCLOUD_PROJECT":"locked-in-app-895c9","EVENTARC_CLOUD_EVENT_SOURCE":"projects/locked-in-app-895c9/locations/us-central1/functions/updateAllStreaksCron"},"availableMemoryMb":256,"buildEnvironmentVariables":{"GOOGLE_NODE_RUN_SCRIPTS":""}}
[debug] [2025-09-06T19:15:02.314Z] <<< [apiv2][status] PATCH https://cloudfunctions.googleapis.com/v1/projects/locked-in-app-895c9/locations/us-central1/functions/updateAllStreaksCron 200
[debug] [2025-09-06T19:15:02.314Z] <<< [apiv2][body] PATCH https://cloudfunctions.googleapis.com/v1/projects/locked-in-app-895c9/locations/us-central1/functions/updateAllStreaksCron {"name":"operations/bG9ja2VkLWluLWFwcC04OTVjOS91cy1jZW50cmFsMS91cGRhdGVBbGxTdHJlYWtzQ3Jvbi9peEdDaUF5X2JBVQ","metadata":{"@type":"type.googleapis.com/google.cloud.functions.v1.OperationMetadataV1","target":"projects/locked-in-app-895c9/locations/us-central1/functions/updateAllStreaksCron","type":"UPDATE_FUNCTION","request":{"@type":"type.googleapis.com/google.cloud.functions.v1.CloudFunction","name":"projects/locked-in-app-895c9/locations/us-central1/functions/updateAllStreaksCron","eventTrigger":{"eventType":"google.pubsub.topic.publish","resource":"projects/locked-in-app-895c9/topics/firebase-schedule-updateAllStreaksCron-us-central1","service":"pubsub.googleapis.com","failurePolicy":{}},"status":"ACTIVE","entryPoint":"updateAllStreaksCron","timeout":"60s","availableMemoryMb":256,"serviceAccountEmail":"locked-in-app-895c9@appspot.gserviceaccount.com","updateTime":"2025-09-06T19:12:33.547Z","versionId":"2","labels":{"deployment-tool":"cli-firebase","deployment-scheduled":"true","firebase-functions-hash":"5ebfa4faf14b3b2550cef73d4f3559a63b80b162"},"sourceUploadUrl":"https://storage.googleapis.com/uploads-777928467196.us-central1.cloudfunctions.appspot.com/75ea6f73-4785-47b7-a1dc-f55529c55b34.zip?GoogleAccessId=service-1004021659302@gcf-admin-robot.iam.gserviceaccount.com&Expires=1757187901&Signature=UNv1lPgcyyCqazXUGaizBBGpNr64G7A7S9eoq4QfD7VbjQfdrdeCnotHPAWQaIOVQT5ykO6EOOcQEFkkTutwMx1nDUYOFHrFhAl3k1GCeBAqzPT7ZalBmqz81Ba67NcTV2A8fd%2F6ISpS7or2qb2n9mJm8KIUPxN9CeOQyQn%2BCdOCZsvZyGpC4Da6G2lAYNAaY7kO%2BcwXqiXavIhpF3zTcaO%2BbY7fddwvquA%2BmlEXuikyO8ul64zBGdkbWgud%2FJcvFymg%2B4N5MMvvXnW4osEmlu34vhKvLsJhJ%2FGDDjpw12tTG6JoKBAKMHnkRdOBFl12Y8E831bTaKio15htuueTEA%3D%3D","environmentVariables":{"FIREBASE_CONFIG":"{\"projectId\":\"locked-in-app-895c9\",\"databaseURL\":\"https://locked-in-app-895c9-default-rtdb.firebaseio.com\",\"storageBucket\":\"locked-in-app-895c9.firebasestorage.app\"}","GCLOUD_PROJECT":"locked-in-app-895c9","EVENTARC_CLOUD_EVENT_SOURCE":"projects/locked-in-app-895c9/locations/us-central1/functions/updateAllStreaksCron"},"runtime":"nodejs18","maxInstances":3000,"ingressSettings":"ALLOW_ALL","buildId":"a0da6de4-a25c-4e57-b219-ceee67eefff9","buildEnvironmentVariables":{"GOOGLE_NODE_RUN_SCRIPTS":""},"buildName":"projects/1004021659302/locations/us-central1/builds/a0da6de4-a25c-4e57-b219-ceee67eefff9","dockerRegistry":"ARTIFACT_REGISTRY","automaticUpdatePolicy":{},"buildServiceAccount":"projects/locked-in-app-895c9/serviceAccounts/1004021659302-compute@developer.gserviceaccount.com"},"versionId":"3","updateTime":"2025-09-06T19:15:02Z"}}
[debug] [2025-09-06T19:15:02.314Z] Checked if tokens are valid: true, expires at: 1757188694996
[debug] [2025-09-06T19:15:02.314Z] Checked if tokens are valid: true, expires at: 1757188694996
[debug] [2025-09-06T19:15:02.315Z] >>> [apiv2][query] GET https://cloudfunctions.googleapis.com/v1/operations/bG9ja2VkLWluLWFwcC04OTVjOS91cy1jZW50cmFsMS91cGRhdGVBbGxTdHJlYWtzQ3Jvbi9peEdDaUF5X2JBVQ [none]
[debug] [2025-09-06T19:15:02.468Z] <<< [apiv2][status] GET https://cloudfunctions.googleapis.com/v1/operations/bG9ja2VkLWluLWFwcC04OTVjOS91cy1jZW50cmFsMS91cGRhdGVBbGxTdHJlYWtzQ3Jvbi9peEdDaUF5X2JBVQ 200
[debug] [2025-09-06T19:15:02.468Z] <<< [apiv2][body] GET https://cloudfunctions.googleapis.com/v1/operations/bG9ja2VkLWluLWFwcC04OTVjOS91cy1jZW50cmFsMS91cGRhdGVBbGxTdHJlYWtzQ3Jvbi9peEdDaUF5X2JBVQ {"name":"operations/bG9ja2VkLWluLWFwcC04OTVjOS91cy1jZW50cmFsMS91cGRhdGVBbGxTdHJlYWtzQ3Jvbi9peEdDaUF5X2JBVQ","metadata":{"@type":"type.googleapis.com/google.cloud.functions.v1.OperationMetadataV1","target":"projects/locked-in-app-895c9/locations/us-central1/functions/updateAllStreaksCron","type":"UPDATE_FUNCTION","request":{"@type":"type.googleapis.com/google.cloud.functions.v1.CloudFunction","name":"projects/locked-in-app-895c9/locations/us-central1/functions/updateAllStreaksCron","eventTrigger":{"eventType":"google.pubsub.topic.publish","resource":"projects/locked-in-app-895c9/topics/firebase-schedule-updateAllStreaksCron-us-central1","service":"pubsub.googleapis.com","failurePolicy":{}},"status":"ACTIVE","entryPoint":"updateAllStreaksCron","timeout":"60s","availableMemoryMb":256,"serviceAccountEmail":"locked-in-app-895c9@appspot.gserviceaccount.com","updateTime":"2025-09-06T19:12:33.547Z","versionId":"2","labels":{"deployment-tool":"cli-firebase","deployment-scheduled":"true","firebase-functions-hash":"5ebfa4faf14b3b2550cef73d4f3559a63b80b162"},"sourceUploadUrl":"https://storage.googleapis.com/uploads-777928467196.us-central1.cloudfunctions.appspot.com/75ea6f73-4785-47b7-a1dc-f55529c55b34.zip?GoogleAccessId=service-1004021659302@gcf-admin-robot.iam.gserviceaccount.com&Expires=1757187901&Signature=UNv1lPgcyyCqazXUGaizBBGpNr64G7A7S9eoq4QfD7VbjQfdrdeCnotHPAWQaIOVQT5ykO6EOOcQEFkkTutwMx1nDUYOFHrFhAl3k1GCeBAqzPT7ZalBmqz81Ba67NcTV2A8fd%2F6ISpS7or2qb2n9mJm8KIUPxN9CeOQyQn%2BCdOCZsvZyGpC4Da6G2lAYNAaY7kO%2BcwXqiXavIhpF3zTcaO%2BbY7fddwvquA%2BmlEXuikyO8ul64zBGdkbWgud%2FJcvFymg%2B4N5MMvvXnW4osEmlu34vhKvLsJhJ%2FGDDjpw12tTG6JoKBAKMHnkRdOBFl12Y8E831bTaKio15htuueTEA%3D%3D","environmentVariables":{"FIREBASE_CONFIG":"{\"projectId\":\"locked-in-app-895c9\",\"databaseURL\":\"https://locked-in-app-895c9-default-rtdb.firebaseio.com\",\"storageBucket\":\"locked-in-app-895c9.firebasestorage.app\"}","GCLOUD_PROJECT":"locked-in-app-895c9","EVENTARC_CLOUD_EVENT_SOURCE":"projects/locked-in-app-895c9/locations/us-central1/functions/updateAllStreaksCron"},"runtime":"nodejs18","maxInstances":3000,"ingressSettings":"ALLOW_ALL","buildId":"a0da6de4-a25c-4e57-b219-ceee67eefff9","buildEnvironmentVariables":{"GOOGLE_NODE_RUN_SCRIPTS":""},"buildName":"projects/1004021659302/locations/us-central1/builds/a0da6de4-a25c-4e57-b219-ceee67eefff9","dockerRegistry":"ARTIFACT_REGISTRY","automaticUpdatePolicy":{},"buildServiceAccount":"projects/locked-in-app-895c9/serviceAccounts/1004021659302-compute@developer.gserviceaccount.com"},"versionId":"3","updateTime":"2025-09-06T19:15:02Z"}}
[debug] [2025-09-06T19:15:02.970Z] [update-default-us-central1-updateAllStreaksCron] Retrying task index 0
[debug] [2025-09-06T19:15:02.970Z] Checked if tokens are valid: true, expires at: 1757188694996
[debug] [2025-09-06T19:15:02.970Z] Checked if tokens are valid: true, expires at: 1757188694996
[debug] [2025-09-06T19:15:02.970Z] >>> [apiv2][query] GET https://cloudfunctions.googleapis.com/v1/operations/bG9ja2VkLWluLWFwcC04OTVjOS91cy1jZW50cmFsMS91cGRhdGVBbGxTdHJlYWtzQ3Jvbi9peEdDaUF5X2JBVQ [none]
[debug] [2025-09-06T19:15:03.096Z] <<< [apiv2][status] GET https://cloudfunctions.googleapis.com/v1/operations/bG9ja2VkLWluLWFwcC04OTVjOS91cy1jZW50cmFsMS91cGRhdGVBbGxTdHJlYWtzQ3Jvbi9peEdDaUF5X2JBVQ 200
[debug] [2025-09-06T19:15:03.096Z] <<< [apiv2][body] GET https://cloudfunctions.googleapis.com/v1/operations/bG9ja2VkLWluLWFwcC04OTVjOS91cy1jZW50cmFsMS91cGRhdGVBbGxTdHJlYWtzQ3Jvbi9peEdDaUF5X2JBVQ {"name":"operations/bG9ja2VkLWluLWFwcC04OTVjOS91cy1jZW50cmFsMS91cGRhdGVBbGxTdHJlYWtzQ3Jvbi9peEdDaUF5X2JBVQ","metadata":{"@type":"type.googleapis.com/google.cloud.functions.v1.OperationMetadataV1","target":"projects/locked-in-app-895c9/locations/us-central1/functions/updateAllStreaksCron","type":"UPDATE_FUNCTION","request":{"@type":"type.googleapis.com/google.cloud.functions.v1.CloudFunction","name":"projects/locked-in-app-895c9/locations/us-central1/functions/updateAllStreaksCron","eventTrigger":{"eventType":"google.pubsub.topic.publish","resource":"projects/locked-in-app-895c9/topics/firebase-schedule-updateAllStreaksCron-us-central1","service":"pubsub.googleapis.com","failurePolicy":{}},"status":"ACTIVE","entryPoint":"updateAllStreaksCron","timeout":"60s","availableMemoryMb":256,"serviceAccountEmail":"locked-in-app-895c9@appspot.gserviceaccount.com","updateTime":"2025-09-06T19:12:33.547Z","versionId":"2","labels":{"deployment-tool":"cli-firebase","deployment-scheduled":"true","firebase-functions-hash":"5ebfa4faf14b3b2550cef73d4f3559a63b80b162"},"sourceUploadUrl":"https://storage.googleapis.com/uploads-777928467196.us-central1.cloudfunctions.appspot.com/75ea6f73-4785-47b7-a1dc-f55529c55b34.zip?GoogleAccessId=service-1004021659302@gcf-admin-robot.iam.gserviceaccount.com&Expires=1757187901&Signature=UNv1lPgcyyCqazXUGaizBBGpNr64G7A7S9eoq4QfD7VbjQfdrdeCnotHPAWQaIOVQT5ykO6EOOcQEFkkTutwMx1nDUYOFHrFhAl3k1GCeBAqzPT7ZalBmqz81Ba67NcTV2A8fd%2F6ISpS7or2qb2n9mJm8KIUPxN9CeOQyQn%2BCdOCZsvZyGpC4Da6G2lAYNAaY7kO%2BcwXqiXavIhpF3zTcaO%2BbY7fddwvquA%2BmlEXuikyO8ul64zBGdkbWgud%2FJcvFymg%2B4N5MMvvXnW4osEmlu34vhKvLsJhJ%2FGDDjpw12tTG6JoKBAKMHnkRdOBFl12Y8E831bTaKio15htuueTEA%3D%3D","environmentVariables":{"FIREBASE_CONFIG":"{\"projectId\":\"locked-in-app-895c9\",\"databaseURL\":\"https://locked-in-app-895c9-default-rtdb.firebaseio.com\",\"storageBucket\":\"locked-in-app-895c9.firebasestorage.app\"}","GCLOUD_PROJECT":"locked-in-app-895c9","EVENTARC_CLOUD_EVENT_SOURCE":"projects/locked-in-app-895c9/locations/us-central1/functions/updateAllStreaksCron"},"runtime":"nodejs18","maxInstances":3000,"ingressSettings":"ALLOW_ALL","buildId":"a0da6de4-a25c-4e57-b219-ceee67eefff9","buildEnvironmentVariables":{"GOOGLE_NODE_RUN_SCRIPTS":""},"buildName":"projects/1004021659302/locations/us-central1/builds/a0da6de4-a25c-4e57-b219-ceee67eefff9","dockerRegistry":"ARTIFACT_REGISTRY","automaticUpdatePolicy":{},"buildServiceAccount":"projects/locked-in-app-895c9/serviceAccounts/1004021659302-compute@developer.gserviceaccount.com"},"versionId":"3","updateTime":"2025-09-06T19:15:02Z"}}
[debug] [2025-09-06T19:15:04.097Z] [update-default-us-central1-updateAllStreaksCron] Retrying task index 0
[debug] [2025-09-06T19:15:04.097Z] Checked if tokens are valid: true, expires at: 1757188694996
[debug] [2025-09-06T19:15:04.097Z] Checked if tokens are valid: true, expires at: 1757188694996
[debug] [2025-09-06T19:15:04.097Z] >>> [apiv2][query] GET https://cloudfunctions.googleapis.com/v1/operations/bG9ja2VkLWluLWFwcC04OTVjOS91cy1jZW50cmFsMS91cGRhdGVBbGxTdHJlYWtzQ3Jvbi9peEdDaUF5X2JBVQ [none]
[debug] [2025-09-06T19:15:04.288Z] <<< [apiv2][status] GET https://cloudfunctions.googleapis.com/v1/operations/bG9ja2VkLWluLWFwcC04OTVjOS91cy1jZW50cmFsMS91cGRhdGVBbGxTdHJlYWtzQ3Jvbi9peEdDaUF5X2JBVQ 200
[debug] [2025-09-06T19:15:04.288Z] <<< [apiv2][body] GET https://cloudfunctions.googleapis.com/v1/operations/bG9ja2VkLWluLWFwcC04OTVjOS91cy1jZW50cmFsMS91cGRhdGVBbGxTdHJlYWtzQ3Jvbi9peEdDaUF5X2JBVQ {"name":"operations/bG9ja2VkLWluLWFwcC04OTVjOS91cy1jZW50cmFsMS91cGRhdGVBbGxTdHJlYWtzQ3Jvbi9peEdDaUF5X2JBVQ","metadata":{"@type":"type.googleapis.com/google.cloud.functions.v1.OperationMetadataV1","target":"projects/locked-in-app-895c9/locations/us-central1/functions/updateAllStreaksCron","type":"UPDATE_FUNCTION","request":{"@type":"type.googleapis.com/google.cloud.functions.v1.CloudFunction","name":"projects/locked-in-app-895c9/locations/us-central1/functions/updateAllStreaksCron","eventTrigger":{"eventType":"google.pubsub.topic.publish","resource":"projects/locked-in-app-895c9/topics/firebase-schedule-updateAllStreaksCron-us-central1","service":"pubsub.googleapis.com","failurePolicy":{}},"status":"ACTIVE","entryPoint":"updateAllStreaksCron","timeout":"60s","availableMemoryMb":256,"serviceAccountEmail":"locked-in-app-895c9@appspot.gserviceaccount.com","updateTime":"2025-09-06T19:12:33.547Z","versionId":"2","labels":{"deployment-tool":"cli-firebase","deployment-scheduled":"true","firebase-functions-hash":"5ebfa4faf14b3b2550cef73d4f3559a63b80b162"},"sourceUploadUrl":"https://storage.googleapis.com/uploads-777928467196.us-central1.cloudfunctions.appspot.com/75ea6f73-4785-47b7-a1dc-f55529c55b34.zip?GoogleAccessId=service-1004021659302@gcf-admin-robot.iam.gserviceaccount.com&Expires=1757187901&Signature=UNv1lPgcyyCqazXUGaizBBGpNr64G7A7S9eoq4QfD7VbjQfdrdeCnotHPAWQaIOVQT5ykO6EOOcQEFkkTutwMx1nDUYOFHrFhAl3k1GCeBAqzPT7ZalBmqz81Ba67NcTV2A8fd%2F6ISpS7or2qb2n9mJm8KIUPxN9CeOQyQn%2BCdOCZsvZyGpC4Da6G2lAYNAaY7kO%2BcwXqiXavIhpF3zTcaO%2BbY7fddwvquA%2BmlEXuikyO8ul64zBGdkbWgud%2FJcvFymg%2B4N5MMvvXnW4osEmlu34vhKvLsJhJ%2FGDDjpw12tTG6JoKBAKMHnkRdOBFl12Y8E831bTaKio15htuueTEA%3D%3D","environmentVariables":{"FIREBASE_CONFIG":"{\"projectId\":\"locked-in-app-895c9\",\"databaseURL\":\"https://locked-in-app-895c9-default-rtdb.firebaseio.com\",\"storageBucket\":\"locked-in-app-895c9.firebasestorage.app\"}","GCLOUD_PROJECT":"locked-in-app-895c9","EVENTARC_CLOUD_EVENT_SOURCE":"projects/locked-in-app-895c9/locations/us-central1/functions/updateAllStreaksCron"},"runtime":"nodejs18","maxInstances":3000,"ingressSettings":"ALLOW_ALL","buildId":"a0da6de4-a25c-4e57-b219-ceee67eefff9","buildEnvironmentVariables":{"GOOGLE_NODE_RUN_SCRIPTS":""},"buildName":"projects/1004021659302/locations/us-central1/builds/a0da6de4-a25c-4e57-b219-ceee67eefff9","dockerRegistry":"ARTIFACT_REGISTRY","automaticUpdatePolicy":{},"buildServiceAccount":"projects/locked-in-app-895c9/serviceAccounts/1004021659302-compute@developer.gserviceaccount.com"},"versionId":"3","updateTime":"2025-09-06T19:15:02Z","buildId":"2fadfb91-7614-42e0-a51e-e8baabb20e45","buildName":"projects/1004021659302/locations/us-central1/builds/2fadfb91-7614-42e0-a51e-e8baabb20e45"}}
[debug] [2025-09-06T19:15:06.289Z] [update-default-us-central1-updateAllStreaksCron] Retrying task index 0
[debug] [2025-09-06T19:15:06.289Z] Checked if tokens are valid: true, expires at: 1757188694996
[debug] [2025-09-06T19:15:06.289Z] Checked if tokens are valid: true, expires at: 1757188694996
[debug] [2025-09-06T19:15:06.289Z] >>> [apiv2][query] GET https://cloudfunctions.googleapis.com/v1/operations/bG9ja2VkLWluLWFwcC04OTVjOS91cy1jZW50cmFsMS91cGRhdGVBbGxTdHJlYWtzQ3Jvbi9peEdDaUF5X2JBVQ [none]
[debug] [2025-09-06T19:15:06.406Z] <<< [apiv2][status] GET https://cloudfunctions.googleapis.com/v1/operations/bG9ja2VkLWluLWFwcC04OTVjOS91cy1jZW50cmFsMS91cGRhdGVBbGxTdHJlYWtzQ3Jvbi9peEdDaUF5X2JBVQ 200
[debug] [2025-09-06T19:15:06.406Z] <<< [apiv2][body] GET https://cloudfunctions.googleapis.com/v1/operations/bG9ja2VkLWluLWFwcC04OTVjOS91cy1jZW50cmFsMS91cGRhdGVBbGxTdHJlYWtzQ3Jvbi9peEdDaUF5X2JBVQ {"name":"operations/bG9ja2VkLWluLWFwcC04OTVjOS91cy1jZW50cmFsMS91cGRhdGVBbGxTdHJlYWtzQ3Jvbi9peEdDaUF5X2JBVQ","metadata":{"@type":"type.googleapis.com/google.cloud.functions.v1.OperationMetadataV1","target":"projects/locked-in-app-895c9/locations/us-central1/functions/updateAllStreaksCron","type":"UPDATE_FUNCTION","request":{"@type":"type.googleapis.com/google.cloud.functions.v1.CloudFunction","name":"projects/locked-in-app-895c9/locations/us-central1/functions/updateAllStreaksCron","eventTrigger":{"eventType":"google.pubsub.topic.publish","resource":"projects/locked-in-app-895c9/topics/firebase-schedule-updateAllStreaksCron-us-central1","service":"pubsub.googleapis.com","failurePolicy":{}},"status":"ACTIVE","entryPoint":"updateAllStreaksCron","timeout":"60s","availableMemoryMb":256,"serviceAccountEmail":"locked-in-app-895c9@appspot.gserviceaccount.com","updateTime":"2025-09-06T19:12:33.547Z","versionId":"2","labels":{"deployment-tool":"cli-firebase","deployment-scheduled":"true","firebase-functions-hash":"5ebfa4faf14b3b2550cef73d4f3559a63b80b162"},"sourceUploadUrl":"https://storage.googleapis.com/uploads-777928467196.us-central1.cloudfunctions.appspot.com/75ea6f73-4785-47b7-a1dc-f55529c55b34.zip?GoogleAccessId=service-1004021659302@gcf-admin-robot.iam.gserviceaccount.com&Expires=1757187901&Signature=UNv1lPgcyyCqazXUGaizBBGpNr64G7A7S9eoq4QfD7VbjQfdrdeCnotHPAWQaIOVQT5ykO6EOOcQEFkkTutwMx1nDUYOFHrFhAl3k1GCeBAqzPT7ZalBmqz81Ba67NcTV2A8fd%2F6ISpS7or2qb2n9mJm8KIUPxN9CeOQyQn%2BCdOCZsvZyGpC4Da6G2lAYNAaY7kO%2BcwXqiXavIhpF3zTcaO%2BbY7fddwvquA%2BmlEXuikyO8ul64zBGdkbWgud%2FJcvFymg%2B4N5MMvvXnW4osEmlu34vhKvLsJhJ%2FGDDjpw12tTG6JoKBAKMHnkRdOBFl12Y8E831bTaKio15htuueTEA%3D%3D","environmentVariables":{"FIREBASE_CONFIG":"{\"projectId\":\"locked-in-app-895c9\",\"databaseURL\":\"https://locked-in-app-895c9-default-rtdb.firebaseio.com\",\"storageBucket\":\"locked-in-app-895c9.firebasestorage.app\"}","GCLOUD_PROJECT":"locked-in-app-895c9","EVENTARC_CLOUD_EVENT_SOURCE":"projects/locked-in-app-895c9/locations/us-central1/functions/updateAllStreaksCron"},"runtime":"nodejs18","maxInstances":3000,"ingressSettings":"ALLOW_ALL","buildId":"a0da6de4-a25c-4e57-b219-ceee67eefff9","buildEnvironmentVariables":{"GOOGLE_NODE_RUN_SCRIPTS":""},"buildName":"projects/1004021659302/locations/us-central1/builds/a0da6de4-a25c-4e57-b219-ceee67eefff9","dockerRegistry":"ARTIFACT_REGISTRY","automaticUpdatePolicy":{},"buildServiceAccount":"projects/locked-in-app-895c9/serviceAccounts/1004021659302-compute@developer.gserviceaccount.com"},"versionId":"3","updateTime":"2025-09-06T19:15:02Z","buildId":"2fadfb91-7614-42e0-a51e-e8baabb20e45","buildName":"projects/1004021659302/locations/us-central1/builds/2fadfb91-7614-42e0-a51e-e8baabb20e45"}}
[debug] [2025-09-06T19:15:10.409Z] [update-default-us-central1-updateAllStreaksCron] Retrying task index 0
[debug] [2025-09-06T19:15:10.409Z] Checked if tokens are valid: true, expires at: 1757188694996
[debug] [2025-09-06T19:15:10.409Z] Checked if tokens are valid: true, expires at: 1757188694996
[debug] [2025-09-06T19:15:10.409Z] >>> [apiv2][query] GET https://cloudfunctions.googleapis.com/v1/operations/bG9ja2VkLWluLWFwcC04OTVjOS91cy1jZW50cmFsMS91cGRhdGVBbGxTdHJlYWtzQ3Jvbi9peEdDaUF5X2JBVQ [none]
[debug] [2025-09-06T19:15:10.556Z] <<< [apiv2][status] GET https://cloudfunctions.googleapis.com/v1/operations/bG9ja2VkLWluLWFwcC04OTVjOS91cy1jZW50cmFsMS91cGRhdGVBbGxTdHJlYWtzQ3Jvbi9peEdDaUF5X2JBVQ 200
[debug] [2025-09-06T19:15:10.556Z] <<< [apiv2][body] GET https://cloudfunctions.googleapis.com/v1/operations/bG9ja2VkLWluLWFwcC04OTVjOS91cy1jZW50cmFsMS91cGRhdGVBbGxTdHJlYWtzQ3Jvbi9peEdDaUF5X2JBVQ {"name":"operations/bG9ja2VkLWluLWFwcC04OTVjOS91cy1jZW50cmFsMS91cGRhdGVBbGxTdHJlYWtzQ3Jvbi9peEdDaUF5X2JBVQ","metadata":{"@type":"type.googleapis.com/google.cloud.functions.v1.OperationMetadataV1","target":"projects/locked-in-app-895c9/locations/us-central1/functions/updateAllStreaksCron","type":"UPDATE_FUNCTION","request":{"@type":"type.googleapis.com/google.cloud.functions.v1.CloudFunction","name":"projects/locked-in-app-895c9/locations/us-central1/functions/updateAllStreaksCron","eventTrigger":{"eventType":"google.pubsub.topic.publish","resource":"projects/locked-in-app-895c9/topics/firebase-schedule-updateAllStreaksCron-us-central1","service":"pubsub.googleapis.com","failurePolicy":{}},"status":"ACTIVE","entryPoint":"updateAllStreaksCron","timeout":"60s","availableMemoryMb":256,"serviceAccountEmail":"locked-in-app-895c9@appspot.gserviceaccount.com","updateTime":"2025-09-06T19:12:33.547Z","versionId":"2","labels":{"deployment-tool":"cli-firebase","deployment-scheduled":"true","firebase-functions-hash":"5ebfa4faf14b3b2550cef73d4f3559a63b80b162"},"sourceUploadUrl":"https://storage.googleapis.com/uploads-777928467196.us-central1.cloudfunctions.appspot.com/75ea6f73-4785-47b7-a1dc-f55529c55b34.zip?GoogleAccessId=service-1004021659302@gcf-admin-robot.iam.gserviceaccount.com&Expires=1757187901&Signature=UNv1lPgcyyCqazXUGaizBBGpNr64G7A7S9eoq4QfD7VbjQfdrdeCnotHPAWQaIOVQT5ykO6EOOcQEFkkTutwMx1nDUYOFHrFhAl3k1GCeBAqzPT7ZalBmqz81Ba67NcTV2A8fd%2F6ISpS7or2qb2n9mJm8KIUPxN9CeOQyQn%2BCdOCZsvZyGpC4Da6G2lAYNAaY7kO%2BcwXqiXavIhpF3zTcaO%2BbY7fddwvquA%2BmlEXuikyO8ul64zBGdkbWgud%2FJcvFymg%2B4N5MMvvXnW4osEmlu34vhKvLsJhJ%2FGDDjpw12tTG6JoKBAKMHnkRdOBFl12Y8E831bTaKio15htuueTEA%3D%3D","environmentVariables":{"FIREBASE_CONFIG":"{\"projectId\":\"locked-in-app-895c9\",\"databaseURL\":\"https://locked-in-app-895c9-default-rtdb.firebaseio.com\",\"storageBucket\":\"locked-in-app-895c9.firebasestorage.app\"}","GCLOUD_PROJECT":"locked-in-app-895c9","EVENTARC_CLOUD_EVENT_SOURCE":"projects/locked-in-app-895c9/locations/us-central1/functions/updateAllStreaksCron"},"runtime":"nodejs18","maxInstances":3000,"ingressSettings":"ALLOW_ALL","buildId":"a0da6de4-a25c-4e57-b219-ceee67eefff9","buildEnvironmentVariables":{"GOOGLE_NODE_RUN_SCRIPTS":""},"buildName":"projects/1004021659302/locations/us-central1/builds/a0da6de4-a25c-4e57-b219-ceee67eefff9","dockerRegistry":"ARTIFACT_REGISTRY","automaticUpdatePolicy":{},"buildServiceAccount":"projects/locked-in-app-895c9/serviceAccounts/1004021659302-compute@developer.gserviceaccount.com"},"versionId":"3","updateTime":"2025-09-06T19:15:02Z","buildId":"2fadfb91-7614-42e0-a51e-e8baabb20e45","buildName":"projects/1004021659302/locations/us-central1/builds/2fadfb91-7614-42e0-a51e-e8baabb20e45"}}
[debug] [2025-09-06T19:15:18.558Z] [update-default-us-central1-updateAllStreaksCron] Retrying task index 0
[debug] [2025-09-06T19:15:18.558Z] Checked if tokens are valid: true, expires at: 1757188694996
[debug] [2025-09-06T19:15:18.558Z] Checked if tokens are valid: true, expires at: 1757188694996
[debug] [2025-09-06T19:15:18.558Z] >>> [apiv2][query] GET https://cloudfunctions.googleapis.com/v1/operations/bG9ja2VkLWluLWFwcC04OTVjOS91cy1jZW50cmFsMS91cGRhdGVBbGxTdHJlYWtzQ3Jvbi9peEdDaUF5X2JBVQ [none]
[debug] [2025-09-06T19:15:18.782Z] <<< [apiv2][status] GET https://cloudfunctions.googleapis.com/v1/operations/bG9ja2VkLWluLWFwcC04OTVjOS91cy1jZW50cmFsMS91cGRhdGVBbGxTdHJlYWtzQ3Jvbi9peEdDaUF5X2JBVQ 200
[debug] [2025-09-06T19:15:18.782Z] <<< [apiv2][body] GET https://cloudfunctions.googleapis.com/v1/operations/bG9ja2VkLWluLWFwcC04OTVjOS91cy1jZW50cmFsMS91cGRhdGVBbGxTdHJlYWtzQ3Jvbi9peEdDaUF5X2JBVQ {"name":"operations/bG9ja2VkLWluLWFwcC04OTVjOS91cy1jZW50cmFsMS91cGRhdGVBbGxTdHJlYWtzQ3Jvbi9peEdDaUF5X2JBVQ","metadata":{"@type":"type.googleapis.com/google.cloud.functions.v1.OperationMetadataV1","target":"projects/locked-in-app-895c9/locations/us-central1/functions/updateAllStreaksCron","type":"UPDATE_FUNCTION","request":{"@type":"type.googleapis.com/google.cloud.functions.v1.CloudFunction","name":"projects/locked-in-app-895c9/locations/us-central1/functions/updateAllStreaksCron","eventTrigger":{"eventType":"google.pubsub.topic.publish","resource":"projects/locked-in-app-895c9/topics/firebase-schedule-updateAllStreaksCron-us-central1","service":"pubsub.googleapis.com","failurePolicy":{}},"status":"ACTIVE","entryPoint":"updateAllStreaksCron","timeout":"60s","availableMemoryMb":256,"serviceAccountEmail":"locked-in-app-895c9@appspot.gserviceaccount.com","updateTime":"2025-09-06T19:12:33.547Z","versionId":"2","labels":{"deployment-tool":"cli-firebase","deployment-scheduled":"true","firebase-functions-hash":"5ebfa4faf14b3b2550cef73d4f3559a63b80b162"},"sourceUploadUrl":"https://storage.googleapis.com/uploads-777928467196.us-central1.cloudfunctions.appspot.com/75ea6f73-4785-47b7-a1dc-f55529c55b34.zip?GoogleAccessId=service-1004021659302@gcf-admin-robot.iam.gserviceaccount.com&Expires=1757187901&Signature=UNv1lPgcyyCqazXUGaizBBGpNr64G7A7S9eoq4QfD7VbjQfdrdeCnotHPAWQaIOVQT5ykO6EOOcQEFkkTutwMx1nDUYOFHrFhAl3k1GCeBAqzPT7ZalBmqz81Ba67NcTV2A8fd%2F6ISpS7or2qb2n9mJm8KIUPxN9CeOQyQn%2BCdOCZsvZyGpC4Da6G2lAYNAaY7kO%2BcwXqiXavIhpF3zTcaO%2BbY7fddwvquA%2BmlEXuikyO8ul64zBGdkbWgud%2FJcvFymg%2B4N5MMvvXnW4osEmlu34vhKvLsJhJ%2FGDDjpw12tTG6JoKBAKMHnkRdOBFl12Y8E831bTaKio15htuueTEA%3D%3D","environmentVariables":{"FIREBASE_CONFIG":"{\"projectId\":\"locked-in-app-895c9\",\"databaseURL\":\"https://locked-in-app-895c9-default-rtdb.firebaseio.com\",\"storageBucket\":\"locked-in-app-895c9.firebasestorage.app\"}","GCLOUD_PROJECT":"locked-in-app-895c9","EVENTARC_CLOUD_EVENT_SOURCE":"projects/locked-in-app-895c9/locations/us-central1/functions/updateAllStreaksCron"},"runtime":"nodejs18","maxInstances":3000,"ingressSettings":"ALLOW_ALL","buildId":"a0da6de4-a25c-4e57-b219-ceee67eefff9","buildEnvironmentVariables":{"GOOGLE_NODE_RUN_SCRIPTS":""},"buildName":"projects/1004021659302/locations/us-central1/builds/a0da6de4-a25c-4e57-b219-ceee67eefff9","dockerRegistry":"ARTIFACT_REGISTRY","automaticUpdatePolicy":{},"buildServiceAccount":"projects/locked-in-app-895c9/serviceAccounts/1004021659302-compute@developer.gserviceaccount.com"},"versionId":"3","updateTime":"2025-09-06T19:15:02Z","buildId":"2fadfb91-7614-42e0-a51e-e8baabb20e45","buildName":"projects/1004021659302/locations/us-central1/builds/2fadfb91-7614-42e0-a51e-e8baabb20e45"}}
[debug] [2025-09-06T19:15:28.784Z] [update-default-us-central1-updateAllStreaksCron] Retrying task index 0
[debug] [2025-09-06T19:15:28.785Z] Checked if tokens are valid: true, expires at: 1757188694996
[debug] [2025-09-06T19:15:28.785Z] Checked if tokens are valid: true, expires at: 1757188694996
[debug] [2025-09-06T19:15:28.785Z] >>> [apiv2][query] GET https://cloudfunctions.googleapis.com/v1/operations/bG9ja2VkLWluLWFwcC04OTVjOS91cy1jZW50cmFsMS91cGRhdGVBbGxTdHJlYWtzQ3Jvbi9peEdDaUF5X2JBVQ [none]
[debug] [2025-09-06T19:15:28.988Z] <<< [apiv2][status] GET https://cloudfunctions.googleapis.com/v1/operations/bG9ja2VkLWluLWFwcC04OTVjOS91cy1jZW50cmFsMS91cGRhdGVBbGxTdHJlYWtzQ3Jvbi9peEdDaUF5X2JBVQ 200
[debug] [2025-09-06T19:15:28.988Z] <<< [apiv2][body] GET https://cloudfunctions.googleapis.com/v1/operations/bG9ja2VkLWluLWFwcC04OTVjOS91cy1jZW50cmFsMS91cGRhdGVBbGxTdHJlYWtzQ3Jvbi9peEdDaUF5X2JBVQ {"name":"operations/bG9ja2VkLWluLWFwcC04OTVjOS91cy1jZW50cmFsMS91cGRhdGVBbGxTdHJlYWtzQ3Jvbi9peEdDaUF5X2JBVQ","metadata":{"@type":"type.googleapis.com/google.cloud.functions.v1.OperationMetadataV1","target":"projects/locked-in-app-895c9/locations/us-central1/functions/updateAllStreaksCron","type":"UPDATE_FUNCTION","request":{"@type":"type.googleapis.com/google.cloud.functions.v1.CloudFunction","name":"projects/locked-in-app-895c9/locations/us-central1/functions/updateAllStreaksCron","eventTrigger":{"eventType":"google.pubsub.topic.publish","resource":"projects/locked-in-app-895c9/topics/firebase-schedule-updateAllStreaksCron-us-central1","service":"pubsub.googleapis.com","failurePolicy":{}},"status":"ACTIVE","entryPoint":"updateAllStreaksCron","timeout":"60s","availableMemoryMb":256,"serviceAccountEmail":"locked-in-app-895c9@appspot.gserviceaccount.com","updateTime":"2025-09-06T19:12:33.547Z","versionId":"2","labels":{"deployment-tool":"cli-firebase","deployment-scheduled":"true","firebase-functions-hash":"5ebfa4faf14b3b2550cef73d4f3559a63b80b162"},"sourceUploadUrl":"https://storage.googleapis.com/uploads-777928467196.us-central1.cloudfunctions.appspot.com/75ea6f73-4785-47b7-a1dc-f55529c55b34.zip?GoogleAccessId=service-1004021659302@gcf-admin-robot.iam.gserviceaccount.com&Expires=1757187901&Signature=UNv1lPgcyyCqazXUGaizBBGpNr64G7A7S9eoq4QfD7VbjQfdrdeCnotHPAWQaIOVQT5ykO6EOOcQEFkkTutwMx1nDUYOFHrFhAl3k1GCeBAqzPT7ZalBmqz81Ba67NcTV2A8fd%2F6ISpS7or2qb2n9mJm8KIUPxN9CeOQyQn%2BCdOCZsvZyGpC4Da6G2lAYNAaY7kO%2BcwXqiXavIhpF3zTcaO%2BbY7fddwvquA%2BmlEXuikyO8ul64zBGdkbWgud%2FJcvFymg%2B4N5MMvvXnW4osEmlu34vhKvLsJhJ%2FGDDjpw12tTG6JoKBAKMHnkRdOBFl12Y8E831bTaKio15htuueTEA%3D%3D","environmentVariables":{"FIREBASE_CONFIG":"{\"projectId\":\"locked-in-app-895c9\",\"databaseURL\":\"https://locked-in-app-895c9-default-rtdb.firebaseio.com\",\"storageBucket\":\"locked-in-app-895c9.firebasestorage.app\"}","GCLOUD_PROJECT":"locked-in-app-895c9","EVENTARC_CLOUD_EVENT_SOURCE":"projects/locked-in-app-895c9/locations/us-central1/functions/updateAllStreaksCron"},"runtime":"nodejs18","maxInstances":3000,"ingressSettings":"ALLOW_ALL","buildId":"a0da6de4-a25c-4e57-b219-ceee67eefff9","buildEnvironmentVariables":{"GOOGLE_NODE_RUN_SCRIPTS":""},"buildName":"projects/1004021659302/locations/us-central1/builds/a0da6de4-a25c-4e57-b219-ceee67eefff9","dockerRegistry":"ARTIFACT_REGISTRY","automaticUpdatePolicy":{},"buildServiceAccount":"projects/locked-in-app-895c9/serviceAccounts/1004021659302-compute@developer.gserviceaccount.com"},"versionId":"3","updateTime":"2025-09-06T19:15:02Z","buildId":"2fadfb91-7614-42e0-a51e-e8baabb20e45","buildName":"projects/1004021659302/locations/us-central1/builds/2fadfb91-7614-42e0-a51e-e8baabb20e45"}}
[debug] [2025-09-06T19:15:38.988Z] [update-default-us-central1-updateAllStreaksCron] Retrying task index 0
[debug] [2025-09-06T19:15:38.989Z] Checked if tokens are valid: true, expires at: 1757188694996
[debug] [2025-09-06T19:15:38.989Z] Checked if tokens are valid: true, expires at: 1757188694996
[debug] [2025-09-06T19:15:38.989Z] >>> [apiv2][query] GET https://cloudfunctions.googleapis.com/v1/operations/bG9ja2VkLWluLWFwcC04OTVjOS91cy1jZW50cmFsMS91cGRhdGVBbGxTdHJlYWtzQ3Jvbi9peEdDaUF5X2JBVQ [none]
[debug] [2025-09-06T19:15:39.181Z] <<< [apiv2][status] GET https://cloudfunctions.googleapis.com/v1/operations/bG9ja2VkLWluLWFwcC04OTVjOS91cy1jZW50cmFsMS91cGRhdGVBbGxTdHJlYWtzQ3Jvbi9peEdDaUF5X2JBVQ 200
[debug] [2025-09-06T19:15:39.181Z] <<< [apiv2][body] GET https://cloudfunctions.googleapis.com/v1/operations/bG9ja2VkLWluLWFwcC04OTVjOS91cy1jZW50cmFsMS91cGRhdGVBbGxTdHJlYWtzQ3Jvbi9peEdDaUF5X2JBVQ {"name":"operations/bG9ja2VkLWluLWFwcC04OTVjOS91cy1jZW50cmFsMS91cGRhdGVBbGxTdHJlYWtzQ3Jvbi9peEdDaUF5X2JBVQ","metadata":{"@type":"type.googleapis.com/google.cloud.functions.v1.OperationMetadataV1","target":"projects/locked-in-app-895c9/locations/us-central1/functions/updateAllStreaksCron","type":"UPDATE_FUNCTION","request":{"@type":"type.googleapis.com/google.cloud.functions.v1.CloudFunction","name":"projects/locked-in-app-895c9/locations/us-central1/functions/updateAllStreaksCron","eventTrigger":{"eventType":"google.pubsub.topic.publish","resource":"projects/locked-in-app-895c9/topics/firebase-schedule-updateAllStreaksCron-us-central1","service":"pubsub.googleapis.com","failurePolicy":{}},"status":"ACTIVE","entryPoint":"updateAllStreaksCron","timeout":"60s","availableMemoryMb":256,"serviceAccountEmail":"locked-in-app-895c9@appspot.gserviceaccount.com","updateTime":"2025-09-06T19:12:33.547Z","versionId":"2","labels":{"deployment-tool":"cli-firebase","deployment-scheduled":"true","firebase-functions-hash":"5ebfa4faf14b3b2550cef73d4f3559a63b80b162"},"sourceUploadUrl":"https://storage.googleapis.com/uploads-777928467196.us-central1.cloudfunctions.appspot.com/75ea6f73-4785-47b7-a1dc-f55529c55b34.zip?GoogleAccessId=service-1004021659302@gcf-admin-robot.iam.gserviceaccount.com&Expires=1757187901&Signature=UNv1lPgcyyCqazXUGaizBBGpNr64G7A7S9eoq4QfD7VbjQfdrdeCnotHPAWQaIOVQT5ykO6EOOcQEFkkTutwMx1nDUYOFHrFhAl3k1GCeBAqzPT7ZalBmqz81Ba67NcTV2A8fd%2F6ISpS7or2qb2n9mJm8KIUPxN9CeOQyQn%2BCdOCZsvZyGpC4Da6G2lAYNAaY7kO%2BcwXqiXavIhpF3zTcaO%2BbY7fddwvquA%2BmlEXuikyO8ul64zBGdkbWgud%2FJcvFymg%2B4N5MMvvXnW4osEmlu34vhKvLsJhJ%2FGDDjpw12tTG6JoKBAKMHnkRdOBFl12Y8E831bTaKio15htuueTEA%3D%3D","environmentVariables":{"FIREBASE_CONFIG":"{\"projectId\":\"locked-in-app-895c9\",\"databaseURL\":\"https://locked-in-app-895c9-default-rtdb.firebaseio.com\",\"storageBucket\":\"locked-in-app-895c9.firebasestorage.app\"}","GCLOUD_PROJECT":"locked-in-app-895c9","EVENTARC_CLOUD_EVENT_SOURCE":"projects/locked-in-app-895c9/locations/us-central1/functions/updateAllStreaksCron"},"runtime":"nodejs18","maxInstances":3000,"ingressSettings":"ALLOW_ALL","buildId":"a0da6de4-a25c-4e57-b219-ceee67eefff9","buildEnvironmentVariables":{"GOOGLE_NODE_RUN_SCRIPTS":""},"buildName":"projects/1004021659302/locations/us-central1/builds/a0da6de4-a25c-4e57-b219-ceee67eefff9","dockerRegistry":"ARTIFACT_REGISTRY","automaticUpdatePolicy":{},"buildServiceAccount":"projects/locked-in-app-895c9/serviceAccounts/1004021659302-compute@developer.gserviceaccount.com"},"versionId":"3","updateTime":"2025-09-06T19:15:02Z","buildId":"2fadfb91-7614-42e0-a51e-e8baabb20e45","buildName":"projects/1004021659302/locations/us-central1/builds/2fadfb91-7614-42e0-a51e-e8baabb20e45"}}
[debug] [2025-09-06T19:15:49.182Z] [update-default-us-central1-updateAllStreaksCron] Retrying task index 0
[debug] [2025-09-06T19:15:49.183Z] Checked if tokens are valid: true, expires at: 1757188694996
[debug] [2025-09-06T19:15:49.183Z] Checked if tokens are valid: true, expires at: 1757188694996
[debug] [2025-09-06T19:15:49.183Z] >>> [apiv2][query] GET https://cloudfunctions.googleapis.com/v1/operations/bG9ja2VkLWluLWFwcC04OTVjOS91cy1jZW50cmFsMS91cGRhdGVBbGxTdHJlYWtzQ3Jvbi9peEdDaUF5X2JBVQ [none]
[debug] [2025-09-06T19:15:49.417Z] <<< [apiv2][status] GET https://cloudfunctions.googleapis.com/v1/operations/bG9ja2VkLWluLWFwcC04OTVjOS91cy1jZW50cmFsMS91cGRhdGVBbGxTdHJlYWtzQ3Jvbi9peEdDaUF5X2JBVQ 200
[debug] [2025-09-06T19:15:49.417Z] <<< [apiv2][body] GET https://cloudfunctions.googleapis.com/v1/operations/bG9ja2VkLWluLWFwcC04OTVjOS91cy1jZW50cmFsMS91cGRhdGVBbGxTdHJlYWtzQ3Jvbi9peEdDaUF5X2JBVQ {"name":"operations/bG9ja2VkLWluLWFwcC04OTVjOS91cy1jZW50cmFsMS91cGRhdGVBbGxTdHJlYWtzQ3Jvbi9peEdDaUF5X2JBVQ","metadata":{"@type":"type.googleapis.com/google.cloud.functions.v1.OperationMetadataV1","target":"projects/locked-in-app-895c9/locations/us-central1/functions/updateAllStreaksCron","type":"UPDATE_FUNCTION","request":{"@type":"type.googleapis.com/google.cloud.functions.v1.CloudFunction","name":"projects/locked-in-app-895c9/locations/us-central1/functions/updateAllStreaksCron","eventTrigger":{"eventType":"google.pubsub.topic.publish","resource":"projects/locked-in-app-895c9/topics/firebase-schedule-updateAllStreaksCron-us-central1","service":"pubsub.googleapis.com","failurePolicy":{}},"status":"ACTIVE","entryPoint":"updateAllStreaksCron","timeout":"60s","availableMemoryMb":256,"serviceAccountEmail":"locked-in-app-895c9@appspot.gserviceaccount.com","updateTime":"2025-09-06T19:12:33.547Z","versionId":"2","labels":{"deployment-tool":"cli-firebase","deployment-scheduled":"true","firebase-functions-hash":"5ebfa4faf14b3b2550cef73d4f3559a63b80b162"},"sourceUploadUrl":"https://storage.googleapis.com/uploads-777928467196.us-central1.cloudfunctions.appspot.com/75ea6f73-4785-47b7-a1dc-f55529c55b34.zip?GoogleAccessId=service-1004021659302@gcf-admin-robot.iam.gserviceaccount.com&Expires=1757187901&Signature=UNv1lPgcyyCqazXUGaizBBGpNr64G7A7S9eoq4QfD7VbjQfdrdeCnotHPAWQaIOVQT5ykO6EOOcQEFkkTutwMx1nDUYOFHrFhAl3k1GCeBAqzPT7ZalBmqz81Ba67NcTV2A8fd%2F6ISpS7or2qb2n9mJm8KIUPxN9CeOQyQn%2BCdOCZsvZyGpC4Da6G2lAYNAaY7kO%2BcwXqiXavIhpF3zTcaO%2BbY7fddwvquA%2BmlEXuikyO8ul64zBGdkbWgud%2FJcvFymg%2B4N5MMvvXnW4osEmlu34vhKvLsJhJ%2FGDDjpw12tTG6JoKBAKMHnkRdOBFl12Y8E831bTaKio15htuueTEA%3D%3D","environmentVariables":{"FIREBASE_CONFIG":"{\"projectId\":\"locked-in-app-895c9\",\"databaseURL\":\"https://locked-in-app-895c9-default-rtdb.firebaseio.com\",\"storageBucket\":\"locked-in-app-895c9.firebasestorage.app\"}","GCLOUD_PROJECT":"locked-in-app-895c9","EVENTARC_CLOUD_EVENT_SOURCE":"projects/locked-in-app-895c9/locations/us-central1/functions/updateAllStreaksCron"},"runtime":"nodejs18","maxInstances":3000,"ingressSettings":"ALLOW_ALL","buildId":"a0da6de4-a25c-4e57-b219-ceee67eefff9","buildEnvironmentVariables":{"GOOGLE_NODE_RUN_SCRIPTS":""},"buildName":"projects/1004021659302/locations/us-central1/builds/a0da6de4-a25c-4e57-b219-ceee67eefff9","dockerRegistry":"ARTIFACT_REGISTRY","automaticUpdatePolicy":{},"buildServiceAccount":"projects/locked-in-app-895c9/serviceAccounts/1004021659302-compute@developer.gserviceaccount.com"},"versionId":"3","updateTime":"2025-09-06T19:15:02Z","buildId":"2fadfb91-7614-42e0-a51e-e8baabb20e45","buildName":"projects/1004021659302/locations/us-central1/builds/2fadfb91-7614-42e0-a51e-e8baabb20e45"}}
[debug] [2025-09-06T19:15:59.418Z] [update-default-us-central1-updateAllStreaksCron] Retrying task index 0
[debug] [2025-09-06T19:15:59.418Z] Checked if tokens are valid: true, expires at: 1757188694996
[debug] [2025-09-06T19:15:59.418Z] Checked if tokens are valid: true, expires at: 1757188694996
[debug] [2025-09-06T19:15:59.418Z] >>> [apiv2][query] GET https://cloudfunctions.googleapis.com/v1/operations/bG9ja2VkLWluLWFwcC04OTVjOS91cy1jZW50cmFsMS91cGRhdGVBbGxTdHJlYWtzQ3Jvbi9peEdDaUF5X2JBVQ [none]
[debug] [2025-09-06T19:15:59.637Z] <<< [apiv2][status] GET https://cloudfunctions.googleapis.com/v1/operations/bG9ja2VkLWluLWFwcC04OTVjOS91cy1jZW50cmFsMS91cGRhdGVBbGxTdHJlYWtzQ3Jvbi9peEdDaUF5X2JBVQ 200
[debug] [2025-09-06T19:15:59.638Z] <<< [apiv2][body] GET https://cloudfunctions.googleapis.com/v1/operations/bG9ja2VkLWluLWFwcC04OTVjOS91cy1jZW50cmFsMS91cGRhdGVBbGxTdHJlYWtzQ3Jvbi9peEdDaUF5X2JBVQ {"name":"operations/bG9ja2VkLWluLWFwcC04OTVjOS91cy1jZW50cmFsMS91cGRhdGVBbGxTdHJlYWtzQ3Jvbi9peEdDaUF5X2JBVQ","metadata":{"@type":"type.googleapis.com/google.cloud.functions.v1.OperationMetadataV1","target":"projects/locked-in-app-895c9/locations/us-central1/functions/updateAllStreaksCron","type":"UPDATE_FUNCTION","request":{"@type":"type.googleapis.com/google.cloud.functions.v1.CloudFunction","name":"projects/locked-in-app-895c9/locations/us-central1/functions/updateAllStreaksCron","eventTrigger":{"eventType":"google.pubsub.topic.publish","resource":"projects/locked-in-app-895c9/topics/firebase-schedule-updateAllStreaksCron-us-central1","service":"pubsub.googleapis.com","failurePolicy":{}},"status":"ACTIVE","entryPoint":"updateAllStreaksCron","timeout":"60s","availableMemoryMb":256,"serviceAccountEmail":"locked-in-app-895c9@appspot.gserviceaccount.com","updateTime":"2025-09-06T19:12:33.547Z","versionId":"2","labels":{"deployment-tool":"cli-firebase","deployment-scheduled":"true","firebase-functions-hash":"5ebfa4faf14b3b2550cef73d4f3559a63b80b162"},"sourceUploadUrl":"https://storage.googleapis.com/uploads-777928467196.us-central1.cloudfunctions.appspot.com/75ea6f73-4785-47b7-a1dc-f55529c55b34.zip?GoogleAccessId=service-1004021659302@gcf-admin-robot.iam.gserviceaccount.com&Expires=1757187901&Signature=UNv1lPgcyyCqazXUGaizBBGpNr64G7A7S9eoq4QfD7VbjQfdrdeCnotHPAWQaIOVQT5ykO6EOOcQEFkkTutwMx1nDUYOFHrFhAl3k1GCeBAqzPT7ZalBmqz81Ba67NcTV2A8fd%2F6ISpS7or2qb2n9mJm8KIUPxN9CeOQyQn%2BCdOCZsvZyGpC4Da6G2lAYNAaY7kO%2BcwXqiXavIhpF3zTcaO%2BbY7fddwvquA%2BmlEXuikyO8ul64zBGdkbWgud%2FJcvFymg%2B4N5MMvvXnW4osEmlu34vhKvLsJhJ%2FGDDjpw12tTG6JoKBAKMHnkRdOBFl12Y8E831bTaKio15htuueTEA%3D%3D","environmentVariables":{"FIREBASE_CONFIG":"{\"projectId\":\"locked-in-app-895c9\",\"databaseURL\":\"https://locked-in-app-895c9-default-rtdb.firebaseio.com\",\"storageBucket\":\"locked-in-app-895c9.firebasestorage.app\"}","GCLOUD_PROJECT":"locked-in-app-895c9","EVENTARC_CLOUD_EVENT_SOURCE":"projects/locked-in-app-895c9/locations/us-central1/functions/updateAllStreaksCron"},"runtime":"nodejs18","maxInstances":3000,"ingressSettings":"ALLOW_ALL","buildId":"a0da6de4-a25c-4e57-b219-ceee67eefff9","buildEnvironmentVariables":{"GOOGLE_NODE_RUN_SCRIPTS":""},"buildName":"projects/1004021659302/locations/us-central1/builds/a0da6de4-a25c-4e57-b219-ceee67eefff9","dockerRegistry":"ARTIFACT_REGISTRY","automaticUpdatePolicy":{},"buildServiceAccount":"projects/locked-in-app-895c9/serviceAccounts/1004021659302-compute@developer.gserviceaccount.com"},"versionId":"3","updateTime":"2025-09-06T19:15:02Z","buildId":"2fadfb91-7614-42e0-a51e-e8baabb20e45","sourceToken":"d520c920-70ba-4e95-9658-d85b96ee6153","buildName":"projects/1004021659302/locations/us-central1/builds/2fadfb91-7614-42e0-a51e-e8baabb20e45"}}
[debug] [2025-09-06T19:15:59.638Z] Got source token d520c920-70ba-4e95-9658-d85b96ee6153 for region us-central1
[debug] [2025-09-06T19:16:09.639Z] [update-default-us-central1-updateAllStreaksCron] Retrying task index 0
[debug] [2025-09-06T19:16:09.639Z] Checked if tokens are valid: true, expires at: 1757188694996
[debug] [2025-09-06T19:16:09.639Z] Checked if tokens are valid: true, expires at: 1757188694996
[debug] [2025-09-06T19:16:09.639Z] >>> [apiv2][query] GET https://cloudfunctions.googleapis.com/v1/operations/bG9ja2VkLWluLWFwcC04OTVjOS91cy1jZW50cmFsMS91cGRhdGVBbGxTdHJlYWtzQ3Jvbi9peEdDaUF5X2JBVQ [none]
[debug] [2025-09-06T19:16:09.863Z] <<< [apiv2][status] GET https://cloudfunctions.googleapis.com/v1/operations/bG9ja2VkLWluLWFwcC04OTVjOS91cy1jZW50cmFsMS91cGRhdGVBbGxTdHJlYWtzQ3Jvbi9peEdDaUF5X2JBVQ 200
[debug] [2025-09-06T19:16:09.863Z] <<< [apiv2][body] GET https://cloudfunctions.googleapis.com/v1/operations/bG9ja2VkLWluLWFwcC04OTVjOS91cy1jZW50cmFsMS91cGRhdGVBbGxTdHJlYWtzQ3Jvbi9peEdDaUF5X2JBVQ {"name":"operations/bG9ja2VkLWluLWFwcC04OTVjOS91cy1jZW50cmFsMS91cGRhdGVBbGxTdHJlYWtzQ3Jvbi9peEdDaUF5X2JBVQ","metadata":{"@type":"type.googleapis.com/google.cloud.functions.v1.OperationMetadataV1","target":"projects/locked-in-app-895c9/locations/us-central1/functions/updateAllStreaksCron","type":"UPDATE_FUNCTION","request":{"@type":"type.googleapis.com/google.cloud.functions.v1.CloudFunction","name":"projects/locked-in-app-895c9/locations/us-central1/functions/updateAllStreaksCron","eventTrigger":{"eventType":"google.pubsub.topic.publish","resource":"projects/locked-in-app-895c9/topics/firebase-schedule-updateAllStreaksCron-us-central1","service":"pubsub.googleapis.com","failurePolicy":{}},"status":"ACTIVE","entryPoint":"updateAllStreaksCron","timeout":"60s","availableMemoryMb":256,"serviceAccountEmail":"locked-in-app-895c9@appspot.gserviceaccount.com","updateTime":"2025-09-06T19:12:33.547Z","versionId":"2","labels":{"deployment-tool":"cli-firebase","deployment-scheduled":"true","firebase-functions-hash":"5ebfa4faf14b3b2550cef73d4f3559a63b80b162"},"sourceUploadUrl":"https://storage.googleapis.com/uploads-777928467196.us-central1.cloudfunctions.appspot.com/75ea6f73-4785-47b7-a1dc-f55529c55b34.zip?GoogleAccessId=service-1004021659302@gcf-admin-robot.iam.gserviceaccount.com&Expires=1757187901&Signature=UNv1lPgcyyCqazXUGaizBBGpNr64G7A7S9eoq4QfD7VbjQfdrdeCnotHPAWQaIOVQT5ykO6EOOcQEFkkTutwMx1nDUYOFHrFhAl3k1GCeBAqzPT7ZalBmqz81Ba67NcTV2A8fd%2F6ISpS7or2qb2n9mJm8KIUPxN9CeOQyQn%2BCdOCZsvZyGpC4Da6G2lAYNAaY7kO%2BcwXqiXavIhpF3zTcaO%2BbY7fddwvquA%2BmlEXuikyO8ul64zBGdkbWgud%2FJcvFymg%2B4N5MMvvXnW4osEmlu34vhKvLsJhJ%2FGDDjpw12tTG6JoKBAKMHnkRdOBFl12Y8E831bTaKio15htuueTEA%3D%3D","environmentVariables":{"FIREBASE_CONFIG":"{\"projectId\":\"locked-in-app-895c9\",\"databaseURL\":\"https://locked-in-app-895c9-default-rtdb.firebaseio.com\",\"storageBucket\":\"locked-in-app-895c9.firebasestorage.app\"}","GCLOUD_PROJECT":"locked-in-app-895c9","EVENTARC_CLOUD_EVENT_SOURCE":"projects/locked-in-app-895c9/locations/us-central1/functions/updateAllStreaksCron"},"runtime":"nodejs18","maxInstances":3000,"ingressSettings":"ALLOW_ALL","buildId":"a0da6de4-a25c-4e57-b219-ceee67eefff9","buildEnvironmentVariables":{"GOOGLE_NODE_RUN_SCRIPTS":""},"buildName":"projects/1004021659302/locations/us-central1/builds/a0da6de4-a25c-4e57-b219-ceee67eefff9","dockerRegistry":"ARTIFACT_REGISTRY","automaticUpdatePolicy":{},"buildServiceAccount":"projects/locked-in-app-895c9/serviceAccounts/1004021659302-compute@developer.gserviceaccount.com"},"versionId":"3","updateTime":"2025-09-06T19:15:02Z","buildId":"2fadfb91-7614-42e0-a51e-e8baabb20e45","sourceToken":"d520c920-70ba-4e95-9658-d85b96ee6153","buildName":"projects/1004021659302/locations/us-central1/builds/2fadfb91-7614-42e0-a51e-e8baabb20e45"}}
[debug] [2025-09-06T19:16:09.863Z] Got source token d520c920-70ba-4e95-9658-d85b96ee6153 for region us-central1
